{
  "RSpec": {
    "coverage": {
      "/Users/irinabaldwin/Dropbox/Projects/daily-diary/app.rb": [
        1,
        null,
        1,
        null,
        1,
        5,
        5,
        null,
        null,
        1,
        3,
        null,
        null,
        1,
        3,
        3,
        null,
        null,
        1,
        null,
        null
      ],
      "/Users/irinabaldwin/Dropbox/Projects/daily-diary/spec/features/add_entry_spec.rb": [
        1,
        1,
        1,
        1,
        1,
        1,
        1,
        null,
        null
      ],
      "/Users/irinabaldwin/Dropbox/Projects/daily-diary/spec/features/titles_on_homepage_spec.rb": [
        1,
        1,
        1,
        1,
        1,
        1,
        1,
        1,
        1,
        1,
        1,
        null,
        null
      ]
    },
    "timestamp": 1540378626
  }
}
