{
  "RSpec": {
    "coverage": {
      "/Users/irinabaldwin/Dropbox/Projects/daily-diary/app.rb": [
        1,
        null,
        1,
        null,
        1,
        2,
        null,
        null,
        1,
        1,
        null,
        null,
        1,
        1,
        null,
        null,
        null,
        1,
        null,
        null
      ],
      "/Users/irinabaldwin/Dropbox/Projects/daily-diary/spec/features/daily_diary_spec.rb": [
        1,
        null,
        1,
        1,
        1,
        1,
        null,
        null,
        1,
        1,
        1,
        1,
        1,
        null,
        null
      ]
    },
    "timestamp": 1540288310
  }
}
